<?xml version="1.0" encoding="UTF-8"?>
<!-- Generated by org.testng.reporters.JUnitReportReporter -->
<testsuite hostname="LAPTOP-2LAFLHEG" failures="0" tests="1" name="com.mindtree.pageobject.verifytitle" time="1.702" errors="0" timestamp="2021-10-29T13:16:19 IST" skipped="0">
  <testcase classname="com.mindtree.pageobject.verifytitle" name="mainpage" time="1.702"/>
  <system-out/>
</testsuite> <!-- com.mindtree.pageobject.verifytitle -->
