<?xml version="1.0" encoding="UTF-8"?>
<!-- Generated by org.testng.reporters.JUnitReportReporter -->
<testsuite hostname="LAPTOP-2LAFLHEG" failures="0" tests="1" name="com.mindtree.pageobject.contact" time="2.661" errors="0" timestamp="2021-10-29T13:16:19 IST" skipped="0">
  <testcase classname="com.mindtree.pageobject.contact" name="mainpage" time="2.661"/>
  <system-out/>
</testsuite> <!-- com.mindtree.pageobject.contact -->
